#Run  | kymin     1  /Eigenvalue1            /Eigenvalue2            
0001  | 5.000000e-02 |  0.0324  0.0801 | -0.0001  0.0009
0002  | 1.000000e-01 |  0.0848  0.1616 |  0.0040 -0.0427
0003  | 1.500000e-01 |  0.1513  0.2544 |  0.0080 -0.0422
0004  | 2.000000e-01 |  0.2183  0.3574 |  0.0201 -0.0399
0005  | 2.500000e-01 |  0.2738  0.4693 |  0.0198 -0.0305
0006  | 3.000000e-01 |  0.3138  0.5859 |  0.0162 -0.0285
0007  | 3.500000e-01 |  0.3365  0.7033 |  0.0126 -0.0260
0008  | 4.000000e-01 |  0.3424  0.8188 |  0.0154 -0.0626
0009  | 4.500000e-01 |  0.3330  0.9300 |  0.0201 -0.0634
0010  | 5.000000e-01 |  0.3098  1.0350 |  0.0209 -0.0640
0011  | 5.500000e-01 |  0.2750  1.1327 |  0.0197 -0.0638
0012  | 6.000000e-01 |  0.2305  1.2226 |  0.0171 -0.0620
0013  | 6.500000e-01 |  0.1768  1.3046 |  0.0142 -0.0596
0014  | 7.000000e-01 |  0.1104  1.3761 |  0.0115 -0.0574
0015  | 7.500000e-01 |  0.0090 -0.0561 |  0.0030 -0.0987
0016  | 8.000000e-01 |  0.0069 -0.0554 | -0.0000 -0.0992
0017  | 8.500000e-01 |  0.0052 -0.0551 | -0.0005  0.0137
0018  | 9.000000e-01 |  0.0038 -0.0550 | -0.0005  0.0145
0019  | 9.500000e-01 |  0.0026 -0.0549 | -0.0005  0.0153
0020  | 1.000000e+00 |  0.0017 -0.0546 | -0.0006  0.0161
0021  | 1.050000e+00 |  0.0008 -0.0541 | -0.0006  0.0169
0022  | 1.100000e+00 |  0.0000 -0.0534 | -0.0006  0.0177
0023  | 1.150000e+00 | -0.0007  0.0186 | -0.0007 -0.0526
