#Run  | kymin     1  /Eigenvalue1            /Eigenvalue2            
0001  | 5.000000e-02 |  0.0339  0.0785 | -0.0002  0.0033
0002  | 1.000000e-01 |  0.0880  0.1620 | -0.0003  0.0065
0003  | 1.500000e-01 |  0.1563  0.2568 | -0.0004  0.0097
0004  | 2.000000e-01 |  0.2259  0.3621 |  0.0127 -0.0312
0005  | 2.500000e-01 |  0.2846  0.4764 |  0.0005  0.0360
0006  | 3.000000e-01 |  0.3278  0.5959 |  0.0041  0.1009
0007  | 3.500000e-01 |  0.3541  0.7168 | -0.0007  0.0157
0008  | 4.000000e-01 |  0.3637  0.8363 | -0.0008  0.0124
0009  | 4.500000e-01 |  0.3579  0.9524 | -0.0008  0.0139
0010  | 5.000000e-01 |  0.3383  1.0634 | -0.0009  0.0155
0011  | 5.500000e-01 |  0.3069  1.1679 | -0.0010  0.0113
0012  | 6.000000e-01 |  0.2657  1.2655 | -0.0010  0.0186
0013  | 6.500000e-01 |  0.2162  1.3565 | -0.0010  0.0133
0014  | 7.000000e-01 |  0.1577  1.4419 | -0.0011  0.0143
0015  | 7.500000e-01 | -0.0011  0.0153 |  0.0856  1.5217
0016  | 8.000000e-01 | -0.0011  0.0163 | -0.0012  0.0100
0017  | 8.500000e-01 | -0.0011  0.0174 | -0.0012  0.0106
0018  | 9.000000e-01 | -0.0012  0.0184 | -0.0012  0.0113
0019  | 9.500000e-01 | -0.0012  0.0194 | -0.0012  0.0119
0020  | 1.000000e+00 | -0.0012  0.0204 | -0.0013  0.0125
0021  | 1.050000e+00 | -0.0013  0.0131 | -0.0013  0.0214
0022  | 1.100000e+00 | -0.0013  0.0138 | -0.0013  0.0225
0023  | 1.150000e+00 | -0.0013  0.0144 | -0.0014  0.0235
