\BOOKMARK [1][-]{section.1}{Introduction}{}% 1
\BOOKMARK [2][-]{subsection.1.1}{Impurity Transport}{section.1}% 2
\BOOKMARK [2][-]{subsection.1.2}{Units}{section.1}% 3
\BOOKMARK [2][-]{subsection.1.3}{Distribution Function}{section.1}% 4
\BOOKMARK [2][-]{subsection.1.4}{Tokamak Geometry}{section.1}% 5
\BOOKMARK [1][-]{section.2}{Quasi-linear Theory}{}% 6
\BOOKMARK [2][-]{subsection.2.1}{Anomalous Transport}{section.2}% 7
\BOOKMARK [1][-]{section.3}{Gyrokinetics}{}% 8
\BOOKMARK [2][-]{subsection.3.1}{Gyrokinetic Vlasov Equation}{section.3}% 9
\BOOKMARK [2][-]{subsection.3.2}{Gyrokinetic Distribution Function}{section.3}% 10
\BOOKMARK [2][-]{subsection.3.3}{Physical Approximations}{section.3}% 11
\BOOKMARK [2][-]{subsection.3.4}{Quasi-linear Flux}{section.3}% 12
\BOOKMARK [2][-]{subsection.3.5}{Quasi-neutrality Condition}{section.3}% 13
\BOOKMARK [1][-]{section.4}{Impurities}{}% 14
\BOOKMARK [2][-]{subsection.4.1}{Impurity Flux and Quasi-Neutrality}{section.4}% 15
\BOOKMARK [1][-]{section.5}{GENE}{}% 16
\BOOKMARK [2][-]{subsection.5.1}{Normalization}{section.5}% 17
\BOOKMARK [2][-]{subsection.5.2}{Adiabatic Electron Results}{section.5}% 18
\BOOKMARK [1][-]{section*.2}{Appendix}{}% 19
\BOOKMARK [2][-]{subsection.Alph0.1}{Complex Notation}{section*.2}% 20
\BOOKMARK [2][-]{subsection.Alph0.2}{Ballooning Representation}{section*.2}% 21
