#Run  | kymin     1  /Eigenvalue1            /Eigenvalue2            
0001  | 5.000000e-02 |  0.0499  0.0894 | -0.0009  0.0154
0002  | 1.000000e-01 |  0.1306  0.2022 | -0.0014  0.0201
0003  | 1.500000e-01 |  0.2364  0.3446 |     NaN     NaN
0004  | 2.000000e-01 |  0.3463  0.5168 |  0.0149 -0.0194
0005  | 2.500000e-01 |  0.4429  0.7048 |  0.0189  0.0301
0006  | 3.000000e-01 |  0.5118  0.8947 |  0.0071  0.0900
0007  | 3.500000e-01 |  0.5469  1.0804 | -0.0026  0.0426
0008  | 4.000000e-01 |  0.5494  1.2586 |  0.0031  0.5415
0009  | 4.500000e-01 |  0.5237  1.4274 | -0.0032  0.0291
0010  | 5.000000e-01 |  0.4745  1.5861 | -0.0033  0.0324
0011  | 5.500000e-01 |  0.4057  1.7357 | -0.0034  0.0356
0012  | 6.000000e-01 |  0.3220  1.8766 | -0.0035  0.0388
0013  | 6.500000e-01 |  0.2289  2.0071 | -0.0037  0.0421
0014  | 7.000000e-01 | -0.0038  0.0453 | -0.0054  0.0849
0015  | 7.500000e-01 | -0.0039  0.0486 | -0.0063  0.0202
0016  | 8.000000e-01 | -0.0041  0.0518 | -0.0064  0.0216
0017  | 8.500000e-01 | -0.0042  0.0550 | -0.0064  0.0229
0018  | 9.000000e-01 | -0.0044  0.0583 | -0.0065  0.0243
0019  | 9.500000e-01 | -0.0045  0.0615 | -0.0065  0.0257
0020  | 1.000000e+00 | -0.0047  0.0647 | -0.0066  0.0270
0021  | 1.050000e+00 | -0.0049  0.0680 | -0.0067  0.0284
0022  | 1.100000e+00 | -0.0051  0.0712 | -0.0067  0.0298
0023  | 1.150000e+00 | -0.0053  0.0744 | -0.0068  0.0312
